Determining if the pthread_create exist failed with the following output:
Change Dir: /home/trevor/ros_ws/build_isolated/baxter_pykdl/CMakeFiles/CMakeTmp

Run Build Command:"/usr/bin/make" "cmTC_374ba/fast"
/usr/bin/make -f CMakeFiles/cmTC_374ba.dir/build.make CMakeFiles/cmTC_374ba.dir/build
make[1]: Entering directory '/home/trevor/ros_ws/build_isolated/baxter_pykdl/CMakeFiles/CMakeTmp'
Building C object CMakeFiles/cmTC_374ba.dir/CheckSymbolExists.c.o
/usr/bin/cc     -o CMakeFiles/cmTC_374ba.dir/CheckSymbolExists.c.o   -c /home/trevor/ros_ws/build_isolated/baxter_pykdl/CMakeFiles/CMakeTmp/CheckSymbolExists.c
Linking C executable cmTC_374ba
/usr/bin/cmake -E cmake_link_script CMakeFiles/cmTC_374ba.dir/link.txt --verbose=1
/usr/bin/cc       CMakeFiles/cmTC_374ba.dir/CheckSymbolExists.c.o  -o cmTC_374ba -rdynamic 
CMakeFiles/cmTC_374ba.dir/CheckSymbolExists.c.o: In function `main':
CheckSymbolExists.c:(.text+0x16): undefined reference to `pthread_create'
collect2: error: ld returned 1 exit status
CMakeFiles/cmTC_374ba.dir/build.make:97: recipe for target 'cmTC_374ba' failed
make[1]: *** [cmTC_374ba] Error 1
make[1]: Leaving directory '/home/trevor/ros_ws/build_isolated/baxter_pykdl/CMakeFiles/CMakeTmp'
Makefile:126: recipe for target 'cmTC_374ba/fast' failed
make: *** [cmTC_374ba/fast] Error 2

File /home/trevor/ros_ws/build_isolated/baxter_pykdl/CMakeFiles/CMakeTmp/CheckSymbolExists.c:
/* */
#include <pthread.h>

int main(int argc, char** argv)
{
  (void)argv;
#ifndef pthread_create
  return ((int*)(&pthread_create))[argc];
#else
  (void)argc;
  return 0;
#endif
}

Determining if the function pthread_create exists in the pthreads failed with the following output:
Change Dir: /home/trevor/ros_ws/build_isolated/baxter_pykdl/CMakeFiles/CMakeTmp

Run Build Command:"/usr/bin/make" "cmTC_eeae8/fast"
/usr/bin/make -f CMakeFiles/cmTC_eeae8.dir/build.make CMakeFiles/cmTC_eeae8.dir/build
make[1]: Entering directory '/home/trevor/ros_ws/build_isolated/baxter_pykdl/CMakeFiles/CMakeTmp'
Building C object CMakeFiles/cmTC_eeae8.dir/CheckFunctionExists.c.o
/usr/bin/cc    -DCHECK_FUNCTION_EXISTS=pthread_create   -o CMakeFiles/cmTC_eeae8.dir/CheckFunctionExists.c.o   -c /usr/share/cmake-3.5/Modules/CheckFunctionExists.c
Linking C executable cmTC_eeae8
/usr/bin/cmake -E cmake_link_script CMakeFiles/cmTC_eeae8.dir/link.txt --verbose=1
/usr/bin/cc   -DCHECK_FUNCTION_EXISTS=pthread_create    CMakeFiles/cmTC_eeae8.dir/CheckFunctionExists.c.o  -o cmTC_eeae8 -rdynamic -lpthreads 
/usr/bin/ld: cannot find -lpthreads
collect2: error: ld returned 1 exit status
CMakeFiles/cmTC_eeae8.dir/build.make:97: recipe for target 'cmTC_eeae8' failed
make[1]: *** [cmTC_eeae8] Error 1
make[1]: Leaving directory '/home/trevor/ros_ws/build_isolated/baxter_pykdl/CMakeFiles/CMakeTmp'
Makefile:126: recipe for target 'cmTC_eeae8/fast' failed
make: *** [cmTC_eeae8/fast] Error 2


