Determining if the pthread_create exist failed with the following output:
Change Dir: /home/trevor/ros_ws/build_isolated/baxter_simulator/CMakeFiles/CMakeTmp

Run Build Command:"/usr/bin/make" "cmTC_f1d68/fast"
/usr/bin/make -f CMakeFiles/cmTC_f1d68.dir/build.make CMakeFiles/cmTC_f1d68.dir/build
make[1]: Entering directory '/home/trevor/ros_ws/build_isolated/baxter_simulator/CMakeFiles/CMakeTmp'
Building C object CMakeFiles/cmTC_f1d68.dir/CheckSymbolExists.c.o
/usr/bin/cc     -o CMakeFiles/cmTC_f1d68.dir/CheckSymbolExists.c.o   -c /home/trevor/ros_ws/build_isolated/baxter_simulator/CMakeFiles/CMakeTmp/CheckSymbolExists.c
Linking C executable cmTC_f1d68
/usr/bin/cmake -E cmake_link_script CMakeFiles/cmTC_f1d68.dir/link.txt --verbose=1
/usr/bin/cc       CMakeFiles/cmTC_f1d68.dir/CheckSymbolExists.c.o  -o cmTC_f1d68 -rdynamic 
CMakeFiles/cmTC_f1d68.dir/CheckSymbolExists.c.o: In function `main':
CheckSymbolExists.c:(.text+0x16): undefined reference to `pthread_create'
collect2: error: ld returned 1 exit status
CMakeFiles/cmTC_f1d68.dir/build.make:97: recipe for target 'cmTC_f1d68' failed
make[1]: *** [cmTC_f1d68] Error 1
make[1]: Leaving directory '/home/trevor/ros_ws/build_isolated/baxter_simulator/CMakeFiles/CMakeTmp'
Makefile:126: recipe for target 'cmTC_f1d68/fast' failed
make: *** [cmTC_f1d68/fast] Error 2

File /home/trevor/ros_ws/build_isolated/baxter_simulator/CMakeFiles/CMakeTmp/CheckSymbolExists.c:
/* */
#include <pthread.h>

int main(int argc, char** argv)
{
  (void)argv;
#ifndef pthread_create
  return ((int*)(&pthread_create))[argc];
#else
  (void)argc;
  return 0;
#endif
}

Determining if the function pthread_create exists in the pthreads failed with the following output:
Change Dir: /home/trevor/ros_ws/build_isolated/baxter_simulator/CMakeFiles/CMakeTmp

Run Build Command:"/usr/bin/make" "cmTC_59672/fast"
/usr/bin/make -f CMakeFiles/cmTC_59672.dir/build.make CMakeFiles/cmTC_59672.dir/build
make[1]: Entering directory '/home/trevor/ros_ws/build_isolated/baxter_simulator/CMakeFiles/CMakeTmp'
Building C object CMakeFiles/cmTC_59672.dir/CheckFunctionExists.c.o
/usr/bin/cc    -DCHECK_FUNCTION_EXISTS=pthread_create   -o CMakeFiles/cmTC_59672.dir/CheckFunctionExists.c.o   -c /usr/share/cmake-3.5/Modules/CheckFunctionExists.c
Linking C executable cmTC_59672
/usr/bin/cmake -E cmake_link_script CMakeFiles/cmTC_59672.dir/link.txt --verbose=1
/usr/bin/cc   -DCHECK_FUNCTION_EXISTS=pthread_create    CMakeFiles/cmTC_59672.dir/CheckFunctionExists.c.o  -o cmTC_59672 -rdynamic -lpthreads 
/usr/bin/ld: cannot find -lpthreads
collect2: error: ld returned 1 exit status
CMakeFiles/cmTC_59672.dir/build.make:97: recipe for target 'cmTC_59672' failed
make[1]: *** [cmTC_59672] Error 1
make[1]: Leaving directory '/home/trevor/ros_ws/build_isolated/baxter_simulator/CMakeFiles/CMakeTmp'
Makefile:126: recipe for target 'cmTC_59672/fast' failed
make: *** [cmTC_59672/fast] Error 2


