Determining if the pthread_create exist failed with the following output:
Change Dir: /home/trevor/ros_ws/build_isolated/baxter_sim_controllers/CMakeFiles/CMakeTmp

Run Build Command:"/usr/bin/make" "cmTC_c769e/fast"
/usr/bin/make -f CMakeFiles/cmTC_c769e.dir/build.make CMakeFiles/cmTC_c769e.dir/build
make[1]: Entering directory '/home/trevor/ros_ws/build_isolated/baxter_sim_controllers/CMakeFiles/CMakeTmp'
Building C object CMakeFiles/cmTC_c769e.dir/CheckSymbolExists.c.o
/usr/bin/cc     -o CMakeFiles/cmTC_c769e.dir/CheckSymbolExists.c.o   -c /home/trevor/ros_ws/build_isolated/baxter_sim_controllers/CMakeFiles/CMakeTmp/CheckSymbolExists.c
Linking C executable cmTC_c769e
/usr/bin/cmake -E cmake_link_script CMakeFiles/cmTC_c769e.dir/link.txt --verbose=1
/usr/bin/cc       CMakeFiles/cmTC_c769e.dir/CheckSymbolExists.c.o  -o cmTC_c769e -rdynamic 
CMakeFiles/cmTC_c769e.dir/CheckSymbolExists.c.o: In function `main':
CheckSymbolExists.c:(.text+0x16): undefined reference to `pthread_create'
collect2: error: ld returned 1 exit status
CMakeFiles/cmTC_c769e.dir/build.make:97: recipe for target 'cmTC_c769e' failed
make[1]: *** [cmTC_c769e] Error 1
make[1]: Leaving directory '/home/trevor/ros_ws/build_isolated/baxter_sim_controllers/CMakeFiles/CMakeTmp'
Makefile:126: recipe for target 'cmTC_c769e/fast' failed
make: *** [cmTC_c769e/fast] Error 2

File /home/trevor/ros_ws/build_isolated/baxter_sim_controllers/CMakeFiles/CMakeTmp/CheckSymbolExists.c:
/* */
#include <pthread.h>

int main(int argc, char** argv)
{
  (void)argv;
#ifndef pthread_create
  return ((int*)(&pthread_create))[argc];
#else
  (void)argc;
  return 0;
#endif
}

Determining if the function pthread_create exists in the pthreads failed with the following output:
Change Dir: /home/trevor/ros_ws/build_isolated/baxter_sim_controllers/CMakeFiles/CMakeTmp

Run Build Command:"/usr/bin/make" "cmTC_88f3a/fast"
/usr/bin/make -f CMakeFiles/cmTC_88f3a.dir/build.make CMakeFiles/cmTC_88f3a.dir/build
make[1]: Entering directory '/home/trevor/ros_ws/build_isolated/baxter_sim_controllers/CMakeFiles/CMakeTmp'
Building C object CMakeFiles/cmTC_88f3a.dir/CheckFunctionExists.c.o
/usr/bin/cc    -DCHECK_FUNCTION_EXISTS=pthread_create   -o CMakeFiles/cmTC_88f3a.dir/CheckFunctionExists.c.o   -c /usr/share/cmake-3.5/Modules/CheckFunctionExists.c
Linking C executable cmTC_88f3a
/usr/bin/cmake -E cmake_link_script CMakeFiles/cmTC_88f3a.dir/link.txt --verbose=1
/usr/bin/cc   -DCHECK_FUNCTION_EXISTS=pthread_create    CMakeFiles/cmTC_88f3a.dir/CheckFunctionExists.c.o  -o cmTC_88f3a -rdynamic -lpthreads 
/usr/bin/ld: cannot find -lpthreads
collect2: error: ld returned 1 exit status
CMakeFiles/cmTC_88f3a.dir/build.make:97: recipe for target 'cmTC_88f3a' failed
make[1]: *** [cmTC_88f3a] Error 1
make[1]: Leaving directory '/home/trevor/ros_ws/build_isolated/baxter_sim_controllers/CMakeFiles/CMakeTmp'
Makefile:126: recipe for target 'cmTC_88f3a/fast' failed
make: *** [cmTC_88f3a/fast] Error 2


