Determining if the pthread_create exist failed with the following output:
Change Dir: /home/trevor/ros_ws/build_isolated/dynamixel_tutorials/CMakeFiles/CMakeTmp

Run Build Command:"/usr/bin/make" "cmTC_40951/fast"
/usr/bin/make -f CMakeFiles/cmTC_40951.dir/build.make CMakeFiles/cmTC_40951.dir/build
make[1]: Entering directory '/home/trevor/ros_ws/build_isolated/dynamixel_tutorials/CMakeFiles/CMakeTmp'
Building C object CMakeFiles/cmTC_40951.dir/CheckSymbolExists.c.o
/usr/bin/cc     -o CMakeFiles/cmTC_40951.dir/CheckSymbolExists.c.o   -c /home/trevor/ros_ws/build_isolated/dynamixel_tutorials/CMakeFiles/CMakeTmp/CheckSymbolExists.c
Linking C executable cmTC_40951
/usr/bin/cmake -E cmake_link_script CMakeFiles/cmTC_40951.dir/link.txt --verbose=1
/usr/bin/cc       CMakeFiles/cmTC_40951.dir/CheckSymbolExists.c.o  -o cmTC_40951 -rdynamic 
CMakeFiles/cmTC_40951.dir/CheckSymbolExists.c.o: In function `main':
CheckSymbolExists.c:(.text+0x16): undefined reference to `pthread_create'
collect2: error: ld returned 1 exit status
CMakeFiles/cmTC_40951.dir/build.make:97: recipe for target 'cmTC_40951' failed
make[1]: *** [cmTC_40951] Error 1
make[1]: Leaving directory '/home/trevor/ros_ws/build_isolated/dynamixel_tutorials/CMakeFiles/CMakeTmp'
Makefile:126: recipe for target 'cmTC_40951/fast' failed
make: *** [cmTC_40951/fast] Error 2

File /home/trevor/ros_ws/build_isolated/dynamixel_tutorials/CMakeFiles/CMakeTmp/CheckSymbolExists.c:
/* */
#include <pthread.h>

int main(int argc, char** argv)
{
  (void)argv;
#ifndef pthread_create
  return ((int*)(&pthread_create))[argc];
#else
  (void)argc;
  return 0;
#endif
}

Determining if the function pthread_create exists in the pthreads failed with the following output:
Change Dir: /home/trevor/ros_ws/build_isolated/dynamixel_tutorials/CMakeFiles/CMakeTmp

Run Build Command:"/usr/bin/make" "cmTC_abbef/fast"
/usr/bin/make -f CMakeFiles/cmTC_abbef.dir/build.make CMakeFiles/cmTC_abbef.dir/build
make[1]: Entering directory '/home/trevor/ros_ws/build_isolated/dynamixel_tutorials/CMakeFiles/CMakeTmp'
Building C object CMakeFiles/cmTC_abbef.dir/CheckFunctionExists.c.o
/usr/bin/cc    -DCHECK_FUNCTION_EXISTS=pthread_create   -o CMakeFiles/cmTC_abbef.dir/CheckFunctionExists.c.o   -c /usr/share/cmake-3.5/Modules/CheckFunctionExists.c
Linking C executable cmTC_abbef
/usr/bin/cmake -E cmake_link_script CMakeFiles/cmTC_abbef.dir/link.txt --verbose=1
/usr/bin/cc   -DCHECK_FUNCTION_EXISTS=pthread_create    CMakeFiles/cmTC_abbef.dir/CheckFunctionExists.c.o  -o cmTC_abbef -rdynamic -lpthreads 
/usr/bin/ld: cannot find -lpthreads
collect2: error: ld returned 1 exit status
CMakeFiles/cmTC_abbef.dir/build.make:97: recipe for target 'cmTC_abbef' failed
make[1]: *** [cmTC_abbef] Error 1
make[1]: Leaving directory '/home/trevor/ros_ws/build_isolated/dynamixel_tutorials/CMakeFiles/CMakeTmp'
Makefile:126: recipe for target 'cmTC_abbef/fast' failed
make: *** [cmTC_abbef/fast] Error 2


