Determining if the pthread_create exist failed with the following output:
Change Dir: /home/trevor/ros_ws/build_isolated/dynamixel_driver/CMakeFiles/CMakeTmp

Run Build Command:"/usr/bin/make" "cmTC_83f43/fast"
/usr/bin/make -f CMakeFiles/cmTC_83f43.dir/build.make CMakeFiles/cmTC_83f43.dir/build
make[1]: Entering directory '/home/trevor/ros_ws/build_isolated/dynamixel_driver/CMakeFiles/CMakeTmp'
Building C object CMakeFiles/cmTC_83f43.dir/CheckSymbolExists.c.o
/usr/bin/cc     -o CMakeFiles/cmTC_83f43.dir/CheckSymbolExists.c.o   -c /home/trevor/ros_ws/build_isolated/dynamixel_driver/CMakeFiles/CMakeTmp/CheckSymbolExists.c
Linking C executable cmTC_83f43
/usr/bin/cmake -E cmake_link_script CMakeFiles/cmTC_83f43.dir/link.txt --verbose=1
/usr/bin/cc       CMakeFiles/cmTC_83f43.dir/CheckSymbolExists.c.o  -o cmTC_83f43 -rdynamic 
CMakeFiles/cmTC_83f43.dir/CheckSymbolExists.c.o: In function `main':
CheckSymbolExists.c:(.text+0x16): undefined reference to `pthread_create'
collect2: error: ld returned 1 exit status
CMakeFiles/cmTC_83f43.dir/build.make:97: recipe for target 'cmTC_83f43' failed
make[1]: *** [cmTC_83f43] Error 1
make[1]: Leaving directory '/home/trevor/ros_ws/build_isolated/dynamixel_driver/CMakeFiles/CMakeTmp'
Makefile:126: recipe for target 'cmTC_83f43/fast' failed
make: *** [cmTC_83f43/fast] Error 2

File /home/trevor/ros_ws/build_isolated/dynamixel_driver/CMakeFiles/CMakeTmp/CheckSymbolExists.c:
/* */
#include <pthread.h>

int main(int argc, char** argv)
{
  (void)argv;
#ifndef pthread_create
  return ((int*)(&pthread_create))[argc];
#else
  (void)argc;
  return 0;
#endif
}

Determining if the function pthread_create exists in the pthreads failed with the following output:
Change Dir: /home/trevor/ros_ws/build_isolated/dynamixel_driver/CMakeFiles/CMakeTmp

Run Build Command:"/usr/bin/make" "cmTC_2ab2e/fast"
/usr/bin/make -f CMakeFiles/cmTC_2ab2e.dir/build.make CMakeFiles/cmTC_2ab2e.dir/build
make[1]: Entering directory '/home/trevor/ros_ws/build_isolated/dynamixel_driver/CMakeFiles/CMakeTmp'
Building C object CMakeFiles/cmTC_2ab2e.dir/CheckFunctionExists.c.o
/usr/bin/cc    -DCHECK_FUNCTION_EXISTS=pthread_create   -o CMakeFiles/cmTC_2ab2e.dir/CheckFunctionExists.c.o   -c /usr/share/cmake-3.5/Modules/CheckFunctionExists.c
Linking C executable cmTC_2ab2e
/usr/bin/cmake -E cmake_link_script CMakeFiles/cmTC_2ab2e.dir/link.txt --verbose=1
/usr/bin/cc   -DCHECK_FUNCTION_EXISTS=pthread_create    CMakeFiles/cmTC_2ab2e.dir/CheckFunctionExists.c.o  -o cmTC_2ab2e -rdynamic -lpthreads 
/usr/bin/ld: cannot find -lpthreads
collect2: error: ld returned 1 exit status
CMakeFiles/cmTC_2ab2e.dir/build.make:97: recipe for target 'cmTC_2ab2e' failed
make[1]: *** [cmTC_2ab2e] Error 1
make[1]: Leaving directory '/home/trevor/ros_ws/build_isolated/dynamixel_driver/CMakeFiles/CMakeTmp'
Makefile:126: recipe for target 'cmTC_2ab2e/fast' failed
make: *** [cmTC_2ab2e/fast] Error 2


