Determining if the pthread_create exist failed with the following output:
Change Dir: /home/trevor/ros_ws/build_isolated/baxter_sim_kinematics/CMakeFiles/CMakeTmp

Run Build Command:"/usr/bin/make" "cmTC_f28f5/fast"
/usr/bin/make -f CMakeFiles/cmTC_f28f5.dir/build.make CMakeFiles/cmTC_f28f5.dir/build
make[1]: Entering directory '/home/trevor/ros_ws/build_isolated/baxter_sim_kinematics/CMakeFiles/CMakeTmp'
Building C object CMakeFiles/cmTC_f28f5.dir/CheckSymbolExists.c.o
/usr/bin/cc     -o CMakeFiles/cmTC_f28f5.dir/CheckSymbolExists.c.o   -c /home/trevor/ros_ws/build_isolated/baxter_sim_kinematics/CMakeFiles/CMakeTmp/CheckSymbolExists.c
Linking C executable cmTC_f28f5
/usr/bin/cmake -E cmake_link_script CMakeFiles/cmTC_f28f5.dir/link.txt --verbose=1
/usr/bin/cc       CMakeFiles/cmTC_f28f5.dir/CheckSymbolExists.c.o  -o cmTC_f28f5 -rdynamic 
CMakeFiles/cmTC_f28f5.dir/CheckSymbolExists.c.o: In function `main':
CheckSymbolExists.c:(.text+0x16): undefined reference to `pthread_create'
collect2: error: ld returned 1 exit status
CMakeFiles/cmTC_f28f5.dir/build.make:97: recipe for target 'cmTC_f28f5' failed
make[1]: *** [cmTC_f28f5] Error 1
make[1]: Leaving directory '/home/trevor/ros_ws/build_isolated/baxter_sim_kinematics/CMakeFiles/CMakeTmp'
Makefile:126: recipe for target 'cmTC_f28f5/fast' failed
make: *** [cmTC_f28f5/fast] Error 2

File /home/trevor/ros_ws/build_isolated/baxter_sim_kinematics/CMakeFiles/CMakeTmp/CheckSymbolExists.c:
/* */
#include <pthread.h>

int main(int argc, char** argv)
{
  (void)argv;
#ifndef pthread_create
  return ((int*)(&pthread_create))[argc];
#else
  (void)argc;
  return 0;
#endif
}

Determining if the function pthread_create exists in the pthreads failed with the following output:
Change Dir: /home/trevor/ros_ws/build_isolated/baxter_sim_kinematics/CMakeFiles/CMakeTmp

Run Build Command:"/usr/bin/make" "cmTC_abcce/fast"
/usr/bin/make -f CMakeFiles/cmTC_abcce.dir/build.make CMakeFiles/cmTC_abcce.dir/build
make[1]: Entering directory '/home/trevor/ros_ws/build_isolated/baxter_sim_kinematics/CMakeFiles/CMakeTmp'
Building C object CMakeFiles/cmTC_abcce.dir/CheckFunctionExists.c.o
/usr/bin/cc    -DCHECK_FUNCTION_EXISTS=pthread_create   -o CMakeFiles/cmTC_abcce.dir/CheckFunctionExists.c.o   -c /usr/share/cmake-3.5/Modules/CheckFunctionExists.c
Linking C executable cmTC_abcce
/usr/bin/cmake -E cmake_link_script CMakeFiles/cmTC_abcce.dir/link.txt --verbose=1
/usr/bin/cc   -DCHECK_FUNCTION_EXISTS=pthread_create    CMakeFiles/cmTC_abcce.dir/CheckFunctionExists.c.o  -o cmTC_abcce -rdynamic -lpthreads 
/usr/bin/ld: cannot find -lpthreads
collect2: error: ld returned 1 exit status
CMakeFiles/cmTC_abcce.dir/build.make:97: recipe for target 'cmTC_abcce' failed
make[1]: *** [cmTC_abcce] Error 1
make[1]: Leaving directory '/home/trevor/ros_ws/build_isolated/baxter_sim_kinematics/CMakeFiles/CMakeTmp'
Makefile:126: recipe for target 'cmTC_abcce/fast' failed
make: *** [cmTC_abcce/fast] Error 2


