Determining if the pthread_create exist failed with the following output:
Change Dir: /home/trevor/ros_ws/build_isolated/ebolabot_bringup/CMakeFiles/CMakeTmp

Run Build Command:"/usr/bin/make" "cmTC_fe171/fast"
/usr/bin/make -f CMakeFiles/cmTC_fe171.dir/build.make CMakeFiles/cmTC_fe171.dir/build
make[1]: Entering directory '/home/trevor/ros_ws/build_isolated/ebolabot_bringup/CMakeFiles/CMakeTmp'
Building C object CMakeFiles/cmTC_fe171.dir/CheckSymbolExists.c.o
/usr/bin/cc     -o CMakeFiles/cmTC_fe171.dir/CheckSymbolExists.c.o   -c /home/trevor/ros_ws/build_isolated/ebolabot_bringup/CMakeFiles/CMakeTmp/CheckSymbolExists.c
Linking C executable cmTC_fe171
/usr/bin/cmake -E cmake_link_script CMakeFiles/cmTC_fe171.dir/link.txt --verbose=1
/usr/bin/cc       CMakeFiles/cmTC_fe171.dir/CheckSymbolExists.c.o  -o cmTC_fe171 -rdynamic 
CMakeFiles/cmTC_fe171.dir/CheckSymbolExists.c.o: In function `main':
CheckSymbolExists.c:(.text+0x16): undefined reference to `pthread_create'
collect2: error: ld returned 1 exit status
CMakeFiles/cmTC_fe171.dir/build.make:97: recipe for target 'cmTC_fe171' failed
make[1]: *** [cmTC_fe171] Error 1
make[1]: Leaving directory '/home/trevor/ros_ws/build_isolated/ebolabot_bringup/CMakeFiles/CMakeTmp'
Makefile:126: recipe for target 'cmTC_fe171/fast' failed
make: *** [cmTC_fe171/fast] Error 2

File /home/trevor/ros_ws/build_isolated/ebolabot_bringup/CMakeFiles/CMakeTmp/CheckSymbolExists.c:
/* */
#include <pthread.h>

int main(int argc, char** argv)
{
  (void)argv;
#ifndef pthread_create
  return ((int*)(&pthread_create))[argc];
#else
  (void)argc;
  return 0;
#endif
}

Determining if the function pthread_create exists in the pthreads failed with the following output:
Change Dir: /home/trevor/ros_ws/build_isolated/ebolabot_bringup/CMakeFiles/CMakeTmp

Run Build Command:"/usr/bin/make" "cmTC_bd5f1/fast"
/usr/bin/make -f CMakeFiles/cmTC_bd5f1.dir/build.make CMakeFiles/cmTC_bd5f1.dir/build
make[1]: Entering directory '/home/trevor/ros_ws/build_isolated/ebolabot_bringup/CMakeFiles/CMakeTmp'
Building C object CMakeFiles/cmTC_bd5f1.dir/CheckFunctionExists.c.o
/usr/bin/cc    -DCHECK_FUNCTION_EXISTS=pthread_create   -o CMakeFiles/cmTC_bd5f1.dir/CheckFunctionExists.c.o   -c /usr/share/cmake-3.5/Modules/CheckFunctionExists.c
Linking C executable cmTC_bd5f1
/usr/bin/cmake -E cmake_link_script CMakeFiles/cmTC_bd5f1.dir/link.txt --verbose=1
/usr/bin/cc   -DCHECK_FUNCTION_EXISTS=pthread_create    CMakeFiles/cmTC_bd5f1.dir/CheckFunctionExists.c.o  -o cmTC_bd5f1 -rdynamic -lpthreads 
/usr/bin/ld: cannot find -lpthreads
collect2: error: ld returned 1 exit status
CMakeFiles/cmTC_bd5f1.dir/build.make:97: recipe for target 'cmTC_bd5f1' failed
make[1]: *** [cmTC_bd5f1] Error 1
make[1]: Leaving directory '/home/trevor/ros_ws/build_isolated/ebolabot_bringup/CMakeFiles/CMakeTmp'
Makefile:126: recipe for target 'cmTC_bd5f1/fast' failed
make: *** [cmTC_bd5f1/fast] Error 2


