Determining if the pthread_create exist failed with the following output:
Change Dir: /home/trevor/ros_ws/build_isolated/ebolabot/CMakeFiles/CMakeTmp

Run Build Command:"/usr/bin/make" "cmTC_7f710/fast"
/usr/bin/make -f CMakeFiles/cmTC_7f710.dir/build.make CMakeFiles/cmTC_7f710.dir/build
make[1]: Entering directory '/home/trevor/ros_ws/build_isolated/ebolabot/CMakeFiles/CMakeTmp'
Building C object CMakeFiles/cmTC_7f710.dir/CheckSymbolExists.c.o
/usr/bin/cc     -o CMakeFiles/cmTC_7f710.dir/CheckSymbolExists.c.o   -c /home/trevor/ros_ws/build_isolated/ebolabot/CMakeFiles/CMakeTmp/CheckSymbolExists.c
Linking C executable cmTC_7f710
/usr/bin/cmake -E cmake_link_script CMakeFiles/cmTC_7f710.dir/link.txt --verbose=1
/usr/bin/cc       CMakeFiles/cmTC_7f710.dir/CheckSymbolExists.c.o  -o cmTC_7f710 -rdynamic 
CMakeFiles/cmTC_7f710.dir/CheckSymbolExists.c.o: In function `main':
CheckSymbolExists.c:(.text+0x16): undefined reference to `pthread_create'
collect2: error: ld returned 1 exit status
CMakeFiles/cmTC_7f710.dir/build.make:97: recipe for target 'cmTC_7f710' failed
make[1]: *** [cmTC_7f710] Error 1
make[1]: Leaving directory '/home/trevor/ros_ws/build_isolated/ebolabot/CMakeFiles/CMakeTmp'
Makefile:126: recipe for target 'cmTC_7f710/fast' failed
make: *** [cmTC_7f710/fast] Error 2

File /home/trevor/ros_ws/build_isolated/ebolabot/CMakeFiles/CMakeTmp/CheckSymbolExists.c:
/* */
#include <pthread.h>

int main(int argc, char** argv)
{
  (void)argv;
#ifndef pthread_create
  return ((int*)(&pthread_create))[argc];
#else
  (void)argc;
  return 0;
#endif
}

Determining if the function pthread_create exists in the pthreads failed with the following output:
Change Dir: /home/trevor/ros_ws/build_isolated/ebolabot/CMakeFiles/CMakeTmp

Run Build Command:"/usr/bin/make" "cmTC_6a33b/fast"
/usr/bin/make -f CMakeFiles/cmTC_6a33b.dir/build.make CMakeFiles/cmTC_6a33b.dir/build
make[1]: Entering directory '/home/trevor/ros_ws/build_isolated/ebolabot/CMakeFiles/CMakeTmp'
Building C object CMakeFiles/cmTC_6a33b.dir/CheckFunctionExists.c.o
/usr/bin/cc    -DCHECK_FUNCTION_EXISTS=pthread_create   -o CMakeFiles/cmTC_6a33b.dir/CheckFunctionExists.c.o   -c /usr/share/cmake-3.5/Modules/CheckFunctionExists.c
Linking C executable cmTC_6a33b
/usr/bin/cmake -E cmake_link_script CMakeFiles/cmTC_6a33b.dir/link.txt --verbose=1
/usr/bin/cc   -DCHECK_FUNCTION_EXISTS=pthread_create    CMakeFiles/cmTC_6a33b.dir/CheckFunctionExists.c.o  -o cmTC_6a33b -rdynamic -lpthreads 
/usr/bin/ld: cannot find -lpthreads
collect2: error: ld returned 1 exit status
CMakeFiles/cmTC_6a33b.dir/build.make:97: recipe for target 'cmTC_6a33b' failed
make[1]: *** [cmTC_6a33b] Error 1
make[1]: Leaving directory '/home/trevor/ros_ws/build_isolated/ebolabot/CMakeFiles/CMakeTmp'
Makefile:126: recipe for target 'cmTC_6a33b/fast' failed
make: *** [cmTC_6a33b/fast] Error 2


